----------------------------------------------------------------
Tue Jun 02 22:34:26 BRT 2020:
Booting Derby version The Apache Software Foundation - Apache Derby - 10.14.2.0 - (1828579): instance a816c00e-0172-77d0-b403-000007d7be90 
on database directory C:\Users\Paulo\Documents\Facul\POO2\Projeto-Final-POO-Paulo-Grando-e-Pedro-Vitro\db180122-180173 with class loader sun.misc.Launcher$AppClassLoader@764c12b6 
Loaded from file:/C:/Users/Paulo/.m2/repository/org/apache/derby/derby/10.14.2.0/derby-10.14.2.0.jar
java.vendor=Oracle Corporation
java.runtime.version=1.8.0_221-b11
user.dir=c:\Users\Paulo\Documents\Facul\POO2\Projeto-Final-POO-Paulo-Grando-e-Pedro-Vitro
os.name=Windows 10
os.arch=amd64
os.version=10.0
derby.system.home=null
Database Class Loader started - derby.database.classpath=''
----------------------------------------------------------------
Tue Jun 02 22:35:50 BRT 2020:
Booting Derby version The Apache Software Foundation - Apache Derby - 10.14.2.0 - (1828579): instance 09324032-0172-77d0-b403-000007d7be90 
on database directory C:\Users\Paulo\Documents\Facul\POO2\Projeto-Final-POO-Paulo-Grando-e-Pedro-Vitro\180122-180173 with class loader sun.misc.Launcher$AppClassLoader@764c12b6 
Loaded from file:/C:/Users/Paulo/.m2/repository/org/apache/derby/derby/10.14.2.0/derby-10.14.2.0.jar
java.vendor=Oracle Corporation
java.runtime.version=1.8.0_221-b11
user.dir=c:\Users\Paulo\Documents\Facul\POO2\Projeto-Final-POO-Paulo-Grando-e-Pedro-Vitro
os.name=Windows 10
os.arch=amd64
os.version=10.0
derby.system.home=null
Database Class Loader started - derby.database.classpath=''
----------------------------------------------------------------
Tue Jun 02 22:36:18 BRT 2020:
Booting Derby version The Apache Software Foundation - Apache Derby - 10.14.2.0 - (1828579): instance b74a0151-0172-77d0-b403-000007d7be90 
on database directory C:\Users\Paulo\Documents\Facul\POO2\Projeto-Final-POO-Paulo-Grando-e-Pedro-Vitro\bd180122-180173 with class loader sun.misc.Launcher$AppClassLoader@764c12b6 
Loaded from file:/C:/Users/Paulo/.m2/repository/org/apache/derby/derby/10.14.2.0/derby-10.14.2.0.jar
java.vendor=Oracle Corporation
java.runtime.version=1.8.0_221-b11
user.dir=c:\Users\Paulo\Documents\Facul\POO2\Projeto-Final-POO-Paulo-Grando-e-Pedro-Vitro
os.name=Windows 10
os.arch=amd64
os.version=10.0
derby.system.home=null
Database Class Loader started - derby.database.classpath=''
